<?xml version="1.0" encoding="UTF-8"?>
<!-- Generated by org.testng.reporters.JUnitReportReporter -->
<testsuite hostname="LTIN198470" failures="0" tests="2" name="testCases.TC_001_SearchBookshelves" time="60.270" errors="0" timestamp="2024-02-29T11:11:16 IST" skipped="0">
  <testcase classname="testCases.TC_001_SearchBookshelves" name="search" time="45.030"/>
  <system-out/>
  <testcase classname="testCases.TC_001_SearchBookshelves" name="titleValidation" time="15.240"/>
  <system-out/>
</testsuite> <!-- testCases.TC_001_SearchBookshelves -->
