<?xml version="1.0" encoding="UTF-8"?>
<!-- Generated by org.testng.reporters.JUnitReportReporter -->
<testsuite hostname="LTIN198470" failures="0" tests="6" name="testCases.TC_003_GiftCard" time="39.211" errors="0" timestamp="2024-02-29T11:11:16 IST" skipped="0">
  <testcase classname="testCases.TC_003_GiftCard" name="displayGiftPage" time="34.381"/>
  <system-out/>
  <testcase classname="testCases.TC_003_GiftCard" name="clickBirthday" time="0.118"/>
  <system-out/>
  <testcase classname="testCases.TC_003_GiftCard" name="enterAmount_Date" time="0.904"/>
  <system-out/>
  <testcase classname="testCases.TC_003_GiftCard" name="enterDetails" time="2.000"/>
  <system-out/>
  <testcase classname="testCases.TC_003_GiftCard" name="mailValidation" time="0.798"/>
  <system-out/>
  <testcase classname="testCases.TC_003_GiftCard" name="verifyValidEmail" time="1.010"/>
  <system-out/>
</testsuite> <!-- testCases.TC_003_GiftCard -->
